Some weights of RobertaForSequenceClassification were not initialized from the model checkpoint at microsoft/codebert-base and are newly initialized: ['classifier.dense.bias', 'classifier.dense.weight', 'classifier.out_proj.bias', 'classifier.out_proj.weight']
You should probably TRAIN this model on a down-stream task to be able to use it for predictions and inference.
12/13/2024 20:34:12 - INFO - __main__ -   Loaded victim model from ./saved_models/checkpoint-best-acc/codebert_model.bin.
12/13/2024 20:34:12 - INFO - __main__ -   Now processing example 2619
12/13/2024 20:34:13 - INFO - moaa -   The original code is misclassified.
12/13/2024 20:34:13 - INFO - moaa -   ******End Attack, result=-4******
12/13/2024 20:34:13 - INFO - __main__ -   Now processing example 456
12/13/2024 20:34:13 - INFO - moaa -   The original code is misclassified.
12/13/2024 20:34:13 - INFO - moaa -   ******End Attack, result=-4******
12/13/2024 20:34:13 - INFO - __main__ -   Now processing example 102
12/13/2024 20:34:13 - INFO - moaa -   The original code is misclassified.
12/13/2024 20:34:13 - INFO - moaa -   ******End Attack, result=-4******
12/13/2024 20:34:13 - INFO - __main__ -   Now processing example 1126
12/13/2024 20:34:13 - INFO - moaa -   The original code is misclassified.
12/13/2024 20:34:13 - INFO - moaa -   ******End Attack, result=-4******
12/13/2024 20:34:13 - INFO - __main__ -   Now processing example 1003
12/13/2024 20:34:13 - INFO - moaa -   max_iteration=90
12/13/2024 20:34:13 - INFO - moaa -   ******Initialze the population******
12/13/2024 20:34:15 - INFO - utils -   T5生成标识符时间:2.594057559967041
12/13/2024 20:34:18 - INFO - utils -   T5生成标识符时间:2.0929834842681885
12/13/2024 20:34:20 - INFO - utils -   T5生成标识符时间:2.0924813747406006
12/13/2024 20:34:23 - INFO - utils -   T5生成标识符时间:2.083420753479004
12/13/2024 20:34:25 - INFO - utils -   T5生成标识符时间:2.085192918777466
12/13/2024 20:34:28 - INFO - utils -   T5生成标识符时间:2.096893310546875
12/13/2024 20:34:30 - INFO - utils -   T5生成标识符时间:2.0871663093566895
12/13/2024 20:34:33 - INFO - utils -   T5生成标识符时间:2.0952260494232178
12/13/2024 20:34:35 - INFO - utils -   T5生成标识符时间:2.094881296157837
12/13/2024 20:34:38 - INFO - utils -   T5生成标识符时间:2.088463544845581
12/13/2024 20:34:40 - INFO - utils -   T5生成标识符时间:2.0894532203674316
12/13/2024 20:34:43 - INFO - utils -   T5生成标识符时间:2.084892749786377
12/13/2024 20:34:45 - INFO - utils -   T5生成标识符时间:2.078185558319092
12/13/2024 20:34:48 - INFO - utils -   T5生成标识符时间:2.08767032623291
12/13/2024 20:34:51 - INFO - utils -   T5生成标识符时间:2.1023643016815186
12/13/2024 20:34:53 - INFO - utils -   T5生成标识符时间:2.0888309478759766
12/13/2024 20:34:56 - INFO - utils -   T5生成标识符时间:2.0916364192962646
12/13/2024 20:34:58 - INFO - utils -   T5生成标识符时间:2.0871689319610596
12/13/2024 20:35:01 - INFO - utils -   T5生成标识符时间:2.088695764541626
12/13/2024 20:35:03 - INFO - utils -   T5生成标识符时间:2.083857774734497
12/13/2024 20:35:06 - INFO - utils -   T5生成标识符时间:2.0804452896118164
12/13/2024 20:35:08 - INFO - utils -   T5生成标识符时间:2.093186378479004
12/13/2024 20:35:11 - INFO - utils -   T5生成标识符时间:2.091146945953369
12/13/2024 20:35:13 - INFO - utils -   T5生成标识符时间:2.0843758583068848
12/13/2024 20:35:16 - INFO - utils -   T5生成标识符时间:2.0863165855407715
12/13/2024 20:35:18 - INFO - utils -   T5生成标识符时间:2.0892112255096436
12/13/2024 20:35:21 - INFO - utils -   T5生成标识符时间:2.0917606353759766
12/13/2024 20:35:23 - INFO - utils -   T5生成标识符时间:2.086289405822754
12/13/2024 20:35:26 - INFO - utils -   T5生成标识符时间:2.07828426361084
12/13/2024 20:35:28 - INFO - utils -   T5生成标识符时间:2.0814359188079834
12/13/2024 20:35:29 - INFO - moaa -   ******Begin crossover and mutation******
12/13/2024 20:35:29 - INFO - moaa -   =====iteration0=====
12/13/2024 20:35:29 - INFO - moaa -   crossover time=0.0002949237823486328
12/13/2024 20:35:31 - INFO - utils -   T5生成标识符时间:2.083394765853882
12/13/2024 20:35:33 - INFO - utils -   T5生成标识符时间:2.0798847675323486
12/13/2024 20:35:36 - INFO - utils -   T5生成标识符时间:2.0856921672821045
12/13/2024 20:35:38 - INFO - utils -   T5生成标识符时间:2.084684371948242
12/13/2024 20:35:41 - INFO - utils -   T5生成标识符时间:2.0848217010498047
12/13/2024 20:35:43 - INFO - utils -   T5生成标识符时间:2.0794386863708496
12/13/2024 20:35:46 - INFO - utils -   T5生成标识符时间:2.0884337425231934
12/13/2024 20:35:48 - INFO - utils -   T5生成标识符时间:2.086010217666626
12/13/2024 20:35:51 - INFO - utils -   T5生成标识符时间:2.0899858474731445
12/13/2024 20:35:53 - INFO - utils -   T5生成标识符时间:2.087157964706421
12/13/2024 20:35:56 - INFO - utils -   T5生成标识符时间:2.0910165309906006
12/13/2024 20:35:58 - INFO - utils -   T5生成标识符时间:2.0841591358184814
12/13/2024 20:36:01 - INFO - utils -   T5生成标识符时间:2.0924644470214844
12/13/2024 20:36:03 - INFO - utils -   T5生成标识符时间:2.0910561084747314
12/13/2024 20:36:06 - INFO - utils -   T5生成标识符时间:2.083838939666748
12/13/2024 20:36:08 - INFO - utils -   T5生成标识符时间:2.077986240386963
12/13/2024 20:36:11 - INFO - utils -   T5生成标识符时间:2.0870039463043213
12/13/2024 20:36:13 - INFO - utils -   T5生成标识符时间:2.0826735496520996
12/13/2024 20:36:16 - INFO - utils -   T5生成标识符时间:2.086787700653076
12/13/2024 20:36:18 - INFO - utils -   T5生成标识符时间:2.0852200984954834
12/13/2024 20:36:21 - INFO - utils -   T5生成标识符时间:2.086796998977661
12/13/2024 20:36:23 - INFO - utils -   T5生成标识符时间:2.096478223800659
12/13/2024 20:36:26 - INFO - utils -   T5生成标识符时间:2.0781285762786865
12/13/2024 20:36:28 - INFO - utils -   T5生成标识符时间:2.0981345176696777
12/13/2024 20:36:31 - INFO - utils -   T5生成标识符时间:2.0946481227874756
12/13/2024 20:36:33 - INFO - utils -   T5生成标识符时间:2.0898094177246094
12/13/2024 20:36:36 - INFO - utils -   T5生成标识符时间:2.092071771621704
12/13/2024 20:36:38 - INFO - utils -   T5生成标识符时间:2.0951948165893555
12/13/2024 20:36:41 - INFO - utils -   T5生成标识符时间:2.0784285068511963
12/13/2024 20:36:43 - INFO - utils -   T5生成标识符时间:2.091979742050171
12/13/2024 20:36:44 - INFO - moaa -   mutation time=75.05321002006531
12/13/2024 20:36:44 - INFO - moaa -   function_eval time=0.012827157974243164
12/13/2024 20:36:44 - INFO - moaa -   function_eval time=0.011712074279785156
12/13/2024 20:36:44 - INFO - moaa -   function_eval time=0.011761665344238281
12/13/2024 20:36:44 - INFO - moaa -   function_eval time=0.01160740852355957
12/13/2024 20:36:44 - INFO - moaa -   function_eval time=0.01148843765258789
12/13/2024 20:36:44 - INFO - moaa -   function_eval time=0.011639595031738281
12/13/2024 20:36:44 - INFO - moaa -   function_eval time=0.011561155319213867
12/13/2024 20:36:44 - INFO - moaa -   function_eval time=0.011661052703857422
12/13/2024 20:36:44 - INFO - moaa -   function_eval time=0.011771678924560547
12/13/2024 20:36:44 - INFO - moaa -   function_eval time=0.011626005172729492
12/13/2024 20:36:44 - INFO - moaa -   function_eval time=0.011658906936645508
12/13/2024 20:36:44 - INFO - moaa -   function_eval time=0.011818647384643555
12/13/2024 20:36:44 - INFO - moaa -   function_eval time=0.011688709259033203
12/13/2024 20:36:44 - INFO - moaa -   function_eval time=0.011604547500610352
12/13/2024 20:36:44 - INFO - moaa -   function_eval time=0.01174783706665039
12/13/2024 20:36:44 - INFO - moaa -   function_eval time=0.011542320251464844
12/13/2024 20:36:44 - INFO - moaa -   function_eval time=0.011638641357421875
12/13/2024 20:36:44 - INFO - moaa -   function_eval time=0.011702299118041992
12/13/2024 20:36:44 - INFO - moaa -   function_eval time=0.011613130569458008
12/13/2024 20:36:44 - INFO - moaa -   function_eval time=0.011669635772705078
12/13/2024 20:36:44 - INFO - moaa -   function_eval time=0.01184391975402832
12/13/2024 20:36:44 - INFO - moaa -   function_eval time=0.011647224426269531
12/13/2024 20:36:44 - INFO - moaa -   function_eval time=0.011601686477661133
12/13/2024 20:36:44 - INFO - moaa -   function_eval time=0.011671781539916992
12/13/2024 20:36:44 - INFO - moaa -   function_eval time=0.011821985244750977
12/13/2024 20:36:44 - INFO - moaa -   function_eval time=0.011681079864501953
12/13/2024 20:36:44 - INFO - moaa -   function_eval time=0.011649608612060547
12/13/2024 20:36:44 - INFO - moaa -   function_eval time=0.011663436889648438
12/13/2024 20:36:44 - INFO - moaa -   function_eval time=0.011788368225097656
12/13/2024 20:36:44 - INFO - moaa -   function_eval time=0.011810064315795898
12/13/2024 20:36:44 - INFO - moaa -   environmental_selection time=0.0032720565795898438
12/13/2024 20:36:44 - INFO - moaa -   =====iteration1=====
12/13/2024 20:36:44 - INFO - moaa -   crossover time=0.00022792816162109375
12/13/2024 20:36:46 - INFO - utils -   T5生成标识符时间:2.1015851497650146
12/13/2024 20:36:49 - INFO - utils -   T5生成标识符时间:2.0963635444641113
12/13/2024 20:36:51 - INFO - utils -   T5生成标识符时间:2.0891127586364746
12/13/2024 20:36:54 - INFO - utils -   T5生成标识符时间:2.078568696975708
12/13/2024 20:36:56 - INFO - utils -   T5生成标识符时间:2.07165789604187
12/13/2024 20:36:59 - INFO - utils -   T5生成标识符时间:2.073936700820923
12/13/2024 20:37:01 - INFO - utils -   T5生成标识符时间:2.077450752258301
12/13/2024 20:37:04 - INFO - utils -   T5生成标识符时间:2.0751283168792725
12/13/2024 20:37:06 - INFO - utils -   T5生成标识符时间:2.076657772064209
12/13/2024 20:37:09 - INFO - utils -   T5生成标识符时间:2.0811820030212402
12/13/2024 20:37:11 - INFO - utils -   T5生成标识符时间:2.078197479248047
12/13/2024 20:37:14 - INFO - utils -   T5生成标识符时间:2.0776236057281494
12/13/2024 20:37:16 - INFO - utils -   T5生成标识符时间:2.0832114219665527
12/13/2024 20:37:19 - INFO - utils -   T5生成标识符时间:2.087324619293213
12/13/2024 20:37:21 - INFO - utils -   T5生成标识符时间:2.0758049488067627
12/13/2024 20:37:24 - INFO - utils -   T5生成标识符时间:2.0817277431488037
12/13/2024 20:37:26 - INFO - utils -   T5生成标识符时间:2.083742141723633
12/13/2024 20:37:29 - INFO - utils -   T5生成标识符时间:2.0859670639038086
12/13/2024 20:37:31 - INFO - utils -   T5生成标识符时间:2.095437526702881
12/13/2024 20:37:34 - INFO - utils -   T5生成标识符时间:2.0878262519836426
12/13/2024 20:37:36 - INFO - utils -   T5生成标识符时间:2.12017560005188
12/13/2024 20:37:39 - INFO - utils -   T5生成标识符时间:2.0737476348876953
12/13/2024 20:37:41 - INFO - utils -   T5生成标识符时间:2.079996347427368
12/13/2024 20:37:44 - INFO - utils -   T5生成标识符时间:2.1018664836883545
12/13/2024 20:37:46 - INFO - utils -   T5生成标识符时间:2.0731868743896484
12/13/2024 20:37:49 - INFO - utils -   T5生成标识符时间:2.086137056350708
12/13/2024 20:37:51 - INFO - utils -   T5生成标识符时间:2.0684878826141357
12/13/2024 20:37:54 - INFO - utils -   T5生成标识符时间:2.0746333599090576
12/13/2024 20:37:56 - INFO - utils -   T5生成标识符时间:2.079606533050537
12/13/2024 20:37:59 - INFO - utils -   T5生成标识符时间:2.0733702182769775
12/13/2024 20:37:59 - INFO - moaa -   mutation time=74.88346099853516
12/13/2024 20:37:59 - INFO - moaa -   function_eval time=0.012797117233276367
12/13/2024 20:37:59 - INFO - moaa -   function_eval time=0.01171422004699707
12/13/2024 20:37:59 - INFO - moaa -   function_eval time=0.011811017990112305
12/13/2024 20:37:59 - INFO - moaa -   function_eval time=0.01170969009399414
12/13/2024 20:37:59 - INFO - moaa -   function_eval time=0.011753082275390625
12/13/2024 20:37:59 - INFO - moaa -   function_eval time=0.011684179306030273
12/13/2024 20:37:59 - INFO - moaa -   function_eval time=0.011610269546508789
12/13/2024 20:37:59 - INFO - moaa -   function_eval time=0.011668920516967773
12/13/2024 20:37:59 - INFO - moaa -   function_eval time=0.011799097061157227
12/13/2024 20:37:59 - INFO - moaa -   function_eval time=0.011713743209838867
12/13/2024 20:37:59 - INFO - moaa -   function_eval time=0.011681318283081055
12/13/2024 20:37:59 - INFO - moaa -   function_eval time=0.011628389358520508
12/13/2024 20:37:59 - INFO - moaa -   function_eval time=0.011586189270019531
12/13/2024 20:37:59 - INFO - moaa -   function_eval time=0.011676549911499023
12/13/2024 20:37:59 - INFO - moaa -   function_eval time=0.011702299118041992
12/13/2024 20:37:59 - INFO - moaa -   function_eval time=0.011631011962890625
12/13/2024 20:37:59 - INFO - moaa -   function_eval time=0.01162099838256836
12/13/2024 20:37:59 - INFO - moaa -   function_eval time=0.01154470443725586
12/13/2024 20:37:59 - INFO - moaa -   function_eval time=0.011642217636108398
12/13/2024 20:37:59 - INFO - moaa -   function_eval time=0.011707305908203125
12/13/2024 20:37:59 - INFO - moaa -   function_eval time=0.011637687683105469
12/13/2024 20:37:59 - INFO - moaa -   function_eval time=0.01161503791809082
12/13/2024 20:37:59 - INFO - moaa -   function_eval time=0.011559486389160156
12/13/2024 20:37:59 - INFO - moaa -   function_eval time=0.01160287857055664
12/13/2024 20:37:59 - INFO - moaa -   function_eval time=0.011689424514770508
12/13/2024 20:37:59 - INFO - moaa -   function_eval time=0.011763572692871094
12/13/2024 20:37:59 - INFO - moaa -   function_eval time=0.011678218841552734
12/13/2024 20:37:59 - INFO - moaa -   function_eval time=0.011626482009887695
12/13/2024 20:37:59 - INFO - moaa -   function_eval time=0.01157379150390625
12/13/2024 20:37:59 - INFO - moaa -   function_eval time=0.011683940887451172
12/13/2024 20:37:59 - INFO - moaa -   environmental_selection time=0.0032176971435546875
12/13/2024 20:37:59 - INFO - moaa -   =====iteration2=====
12/13/2024 20:37:59 - INFO - moaa -   crossover time=0.00022673606872558594
12/13/2024 20:38:01 - INFO - utils -   T5生成标识符时间:2.0904252529144287
12/13/2024 20:38:04 - INFO - utils -   T5生成标识符时间:2.0860815048217773
12/13/2024 20:38:06 - INFO - utils -   T5生成标识符时间:2.0805602073669434
12/13/2024 20:38:09 - INFO - utils -   T5生成标识符时间:2.094316005706787
12/13/2024 20:38:11 - INFO - utils -   T5生成标识符时间:2.084376811981201
12/13/2024 20:38:14 - INFO - utils -   T5生成标识符时间:2.08781361579895
12/13/2024 20:38:16 - INFO - utils -   T5生成标识符时间:2.0857956409454346
12/13/2024 20:38:19 - INFO - utils -   T5生成标识符时间:2.0919361114501953
12/13/2024 20:38:21 - INFO - utils -   T5生成标识符时间:2.0806069374084473
12/13/2024 20:38:24 - INFO - utils -   T5生成标识符时间:2.0785908699035645
12/13/2024 20:38:26 - INFO - utils -   T5生成标识符时间:2.0751912593841553
12/13/2024 20:38:29 - INFO - utils -   T5生成标识符时间:2.0850844383239746
12/13/2024 20:38:31 - INFO - utils -   T5生成标识符时间:2.0708348751068115
12/13/2024 20:38:34 - INFO - utils -   T5生成标识符时间:2.0720770359039307
12/13/2024 20:38:36 - INFO - utils -   T5生成标识符时间:2.0695652961730957
12/13/2024 20:38:39 - INFO - utils -   T5生成标识符时间:2.072392225265503
12/13/2024 20:38:41 - INFO - utils -   T5生成标识符时间:2.0840189456939697
12/13/2024 20:38:44 - INFO - utils -   T5生成标识符时间:2.0698182582855225
12/13/2024 20:38:46 - INFO - utils -   T5生成标识符时间:2.072205066680908
12/13/2024 20:38:49 - INFO - utils -   T5生成标识符时间:2.0720114707946777
12/13/2024 20:38:51 - INFO - utils -   T5生成标识符时间:2.065502405166626
12/13/2024 20:38:54 - INFO - utils -   T5生成标识符时间:2.0588619709014893
12/13/2024 20:38:56 - INFO - utils -   T5生成标识符时间:2.0620875358581543
12/13/2024 20:38:59 - INFO - utils -   T5生成标识符时间:2.0625693798065186
12/13/2024 20:39:01 - INFO - utils -   T5生成标识符时间:2.061267852783203
12/13/2024 20:39:04 - INFO - utils -   T5生成标识符时间:2.0581846237182617
12/13/2024 20:39:06 - INFO - utils -   T5生成标识符时间:2.0573670864105225
12/13/2024 20:39:08 - INFO - utils -   T5生成标识符时间:2.069040060043335
12/13/2024 20:39:11 - INFO - utils -   T5生成标识符时间:2.06976318359375
12/13/2024 20:39:13 - INFO - utils -   T5生成标识符时间:2.076721429824829
12/13/2024 20:39:14 - INFO - moaa -   mutation time=74.55115580558777
12/13/2024 20:39:14 - INFO - moaa -   function_eval time=0.01586771011352539
12/13/2024 20:39:14 - INFO - moaa -   function_eval time=0.011797428131103516
12/13/2024 20:39:14 - INFO - moaa -   function_eval time=0.011808156967163086
12/13/2024 20:39:14 - INFO - moaa -   function_eval time=0.011871337890625
12/13/2024 20:39:14 - INFO - moaa -   function_eval time=0.011659383773803711
12/13/2024 20:39:14 - INFO - moaa -   function_eval time=0.011549234390258789
12/13/2024 20:39:14 - INFO - moaa -   function_eval time=0.011465072631835938
12/13/2024 20:39:14 - INFO - moaa -   function_eval time=0.011614561080932617
12/13/2024 20:39:14 - INFO - moaa -   function_eval time=0.011609554290771484
12/13/2024 20:39:14 - INFO - moaa -   function_eval time=0.011688709259033203
12/13/2024 20:39:14 - INFO - moaa -   function_eval time=0.011681318283081055
12/13/2024 20:39:14 - INFO - moaa -   function_eval time=0.011632680892944336
12/13/2024 20:39:14 - INFO - moaa -   function_eval time=0.011623620986938477
12/13/2024 20:39:14 - INFO - moaa -   function_eval time=0.011577606201171875
12/13/2024 20:39:14 - INFO - moaa -   function_eval time=0.011706113815307617
12/13/2024 20:39:14 - INFO - moaa -   function_eval time=0.011780977249145508
12/13/2024 20:39:14 - INFO - moaa -   function_eval time=0.011620759963989258
12/13/2024 20:39:14 - INFO - moaa -   function_eval time=0.011656761169433594
12/13/2024 20:39:14 - INFO - moaa -   function_eval time=0.011602163314819336
12/13/2024 20:39:14 - INFO - moaa -   function_eval time=0.011679649353027344
12/13/2024 20:39:14 - INFO - moaa -   function_eval time=0.011715173721313477
12/13/2024 20:39:14 - INFO - moaa -   function_eval time=0.011627674102783203
12/13/2024 20:39:14 - INFO - moaa -   function_eval time=0.011664152145385742
12/13/2024 20:39:14 - INFO - moaa -   function_eval time=0.011624336242675781
12/13/2024 20:39:14 - INFO - moaa -   function_eval time=0.011666059494018555
12/13/2024 20:39:14 - INFO - moaa -   function_eval time=0.011666297912597656
12/13/2024 20:39:14 - INFO - moaa -   function_eval time=0.011641263961791992
12/13/2024 20:39:14 - INFO - moaa -   function_eval time=0.01161956787109375
12/13/2024 20:39:14 - INFO - moaa -   function_eval time=0.01166081428527832
12/13/2024 20:39:14 - INFO - moaa -   function_eval time=0.011620759963989258
12/13/2024 20:39:14 - INFO - moaa -   environmental_selection time=0.003158092498779297
12/13/2024 20:39:14 - INFO - moaa -   =====iteration3=====
12/13/2024 20:39:14 - INFO - moaa -   crossover time=0.00022077560424804688
12/13/2024 20:39:16 - INFO - utils -   T5生成标识符时间:2.077336549758911
12/13/2024 20:39:19 - INFO - utils -   T5生成标识符时间:2.078193187713623
12/13/2024 20:39:21 - INFO - utils -   T5生成标识符时间:2.076803684234619
12/13/2024 20:39:24 - INFO - utils -   T5生成标识符时间:2.06657338142395
12/13/2024 20:39:26 - INFO - utils -   T5生成标识符时间:2.0764808654785156
12/13/2024 20:39:29 - INFO - utils -   T5生成标识符时间:2.07318115234375
12/13/2024 20:39:31 - INFO - utils -   T5生成标识符时间:2.077754020690918
12/13/2024 20:39:34 - INFO - utils -   T5生成标识符时间:2.069192886352539
12/13/2024 20:39:36 - INFO - utils -   T5生成标识符时间:2.1315863132476807
12/13/2024 20:39:39 - INFO - utils -   T5生成标识符时间:2.0739026069641113
12/13/2024 20:39:42 - INFO - utils -   T5生成标识符时间:2.034367799758911
12/13/2024 20:39:44 - INFO - utils -   T5生成标识符时间:2.033998966217041
12/13/2024 20:39:46 - INFO - utils -   T5生成标识符时间:2.0392091274261475
12/13/2024 20:39:49 - INFO - utils -   T5生成标识符时间:2.034888744354248
12/13/2024 20:39:51 - INFO - utils -   T5生成标识符时间:2.040565013885498
12/13/2024 20:39:54 - INFO - utils -   T5生成标识符时间:2.043743371963501
12/13/2024 20:39:56 - INFO - utils -   T5生成标识符时间:2.0355050563812256
12/13/2024 20:39:59 - INFO - utils -   T5生成标识符时间:2.044255018234253
12/13/2024 20:40:01 - INFO - utils -   T5生成标识符时间:2.0436036586761475
12/13/2024 20:40:04 - INFO - utils -   T5生成标识符时间:2.04310941696167
12/13/2024 20:40:06 - INFO - utils -   T5生成标识符时间:2.05035662651062
12/13/2024 20:40:09 - INFO - utils -   T5生成标识符时间:2.0451531410217285
12/13/2024 20:40:11 - INFO - utils -   T5生成标识符时间:2.0428407192230225
12/13/2024 20:40:13 - INFO - utils -   T5生成标识符时间:2.0517122745513916
12/13/2024 20:40:16 - INFO - utils -   T5生成标识符时间:2.046383857727051
12/13/2024 20:40:18 - INFO - utils -   T5生成标识符时间:2.0455925464630127
12/13/2024 20:40:21 - INFO - utils -   T5生成标识符时间:2.0587830543518066
12/13/2024 20:40:23 - INFO - utils -   T5生成标识符时间:2.0484347343444824
12/13/2024 20:40:26 - INFO - utils -   T5生成标识符时间:2.0524139404296875
12/13/2024 20:40:28 - INFO - utils -   T5生成标识符时间:2.049863338470459
12/13/2024 20:40:29 - INFO - moaa -   mutation time=74.33910608291626
12/13/2024 20:40:29 - INFO - moaa -   function_eval time=0.01276707649230957
12/13/2024 20:40:29 - INFO - moaa -   function_eval time=0.011620283126831055
12/13/2024 20:40:29 - INFO - moaa -   function_eval time=0.011727333068847656
12/13/2024 20:40:29 - INFO - moaa -   function_eval time=0.011699676513671875
12/13/2024 20:40:29 - INFO - moaa -   function_eval time=0.011599063873291016
12/13/2024 20:40:29 - INFO - moaa -   function_eval time=0.011663675308227539
12/13/2024 20:40:29 - INFO - moaa -   function_eval time=0.01159524917602539
12/13/2024 20:40:29 - INFO - moaa -   function_eval time=0.011793136596679688
12/13/2024 20:40:29 - INFO - moaa -   function_eval time=0.011956453323364258
12/13/2024 20:40:29 - INFO - moaa -   function_eval time=0.011746644973754883
12/13/2024 20:40:29 - INFO - moaa -   function_eval time=0.011684417724609375
12/13/2024 20:40:29 - INFO - moaa -   function_eval time=0.011558294296264648
12/13/2024 20:40:29 - INFO - moaa -   function_eval time=0.011730194091796875
12/13/2024 20:40:29 - INFO - moaa -   function_eval time=0.011835098266601562
12/13/2024 20:40:29 - INFO - moaa -   function_eval time=0.011759519577026367
12/13/2024 20:40:29 - INFO - moaa -   function_eval time=0.011667251586914062
12/13/2024 20:40:29 - INFO - moaa -   function_eval time=0.011565208435058594
12/13/2024 20:40:29 - INFO - moaa -   function_eval time=0.011702537536621094
12/13/2024 20:40:29 - INFO - moaa -   function_eval time=0.011779308319091797
12/13/2024 20:40:29 - INFO - moaa -   function_eval time=0.011663436889648438
12/13/2024 20:40:29 - INFO - moaa -   function_eval time=0.011645317077636719
12/13/2024 20:40:29 - INFO - moaa -   function_eval time=0.011575698852539062
12/13/2024 20:40:29 - INFO - moaa -   function_eval time=0.011620283126831055
12/13/2024 20:40:29 - INFO - moaa -   function_eval time=0.011698722839355469
12/13/2024 20:40:29 - INFO - moaa -   function_eval time=0.011662006378173828
12/13/2024 20:40:29 - INFO - moaa -   function_eval time=0.011685609817504883
12/13/2024 20:40:29 - INFO - moaa -   function_eval time=0.011578083038330078
12/13/2024 20:40:29 - INFO - moaa -   function_eval time=0.01157236099243164
12/13/2024 20:40:29 - INFO - moaa -   function_eval time=0.011633157730102539
12/13/2024 20:40:29 - INFO - moaa -   function_eval time=0.011688947677612305
12/13/2024 20:40:29 - INFO - moaa -   environmental_selection time=0.003131389617919922
12/13/2024 20:40:29 - INFO - moaa -   =====iteration4=====
12/13/2024 20:40:29 - INFO - moaa -   crossover time=0.0002167224884033203
12/13/2024 20:40:31 - INFO - utils -   T5生成标识符时间:2.050337314605713
12/13/2024 20:40:33 - INFO - utils -   T5生成标识符时间:2.050067663192749
12/13/2024 20:40:36 - INFO - utils -   T5生成标识符时间:2.0460891723632812
12/13/2024 20:40:38 - INFO - utils -   T5生成标识符时间:2.050018072128296
12/13/2024 20:40:41 - INFO - utils -   T5生成标识符时间:2.0472326278686523
12/13/2024 20:40:43 - INFO - utils -   T5生成标识符时间:2.0464558601379395
12/13/2024 20:40:46 - INFO - utils -   T5生成标识符时间:2.042954444885254
12/13/2024 20:40:48 - INFO - utils -   T5生成标识符时间:2.0440046787261963
12/13/2024 20:40:51 - INFO - utils -   T5生成标识符时间:2.0537526607513428
12/13/2024 20:40:53 - INFO - utils -   T5生成标识符时间:2.056807518005371
12/13/2024 20:40:56 - INFO - utils -   T5生成标识符时间:2.055159568786621
12/13/2024 20:40:58 - INFO - utils -   T5生成标识符时间:2.0540151596069336
12/13/2024 20:41:01 - INFO - utils -   T5生成标识符时间:2.051241874694824
12/13/2024 20:41:03 - INFO - utils -   T5生成标识符时间:2.0458180904388428
12/13/2024 20:41:05 - INFO - utils -   T5生成标识符时间:2.051889657974243
12/13/2024 20:41:08 - INFO - utils -   T5生成标识符时间:2.049192428588867
12/13/2024 20:41:10 - INFO - utils -   T5生成标识符时间:2.0465474128723145
12/13/2024 20:41:13 - INFO - utils -   T5生成标识符时间:2.0522053241729736
12/13/2024 20:41:15 - INFO - utils -   T5生成标识符时间:2.0516910552978516
12/13/2024 20:41:18 - INFO - utils -   T5生成标识符时间:2.0538344383239746
12/13/2024 20:41:20 - INFO - utils -   T5生成标识符时间:2.0477423667907715
12/13/2024 20:41:23 - INFO - utils -   T5生成标识符时间:2.053755760192871
12/13/2024 20:41:25 - INFO - utils -   T5生成标识符时间:2.0664267539978027
12/13/2024 20:41:28 - INFO - utils -   T5生成标识符时间:2.053318977355957
12/13/2024 20:41:30 - INFO - utils -   T5生成标识符时间:2.0540192127227783
12/13/2024 20:41:33 - INFO - utils -   T5生成标识符时间:2.0547494888305664
12/13/2024 20:41:35 - INFO - utils -   T5生成标识符时间:2.049877643585205
12/13/2024 20:41:37 - INFO - utils -   T5生成标识符时间:2.0485141277313232
12/13/2024 20:41:40 - INFO - utils -   T5生成标识符时间:2.0567448139190674
12/13/2024 20:41:42 - INFO - utils -   T5生成标识符时间:2.051262140274048
12/13/2024 20:41:43 - INFO - moaa -   mutation time=73.82215809822083
12/13/2024 20:41:43 - INFO - moaa -   function_eval time=0.012749671936035156
12/13/2024 20:41:43 - INFO - moaa -   function_eval time=0.011563777923583984
12/13/2024 20:41:43 - INFO - moaa -   function_eval time=0.01150822639465332
12/13/2024 20:41:43 - INFO - moaa -   function_eval time=0.011652708053588867
12/13/2024 20:41:43 - INFO - moaa -   function_eval time=0.011809110641479492
12/13/2024 20:41:43 - INFO - moaa -   function_eval time=0.011658668518066406
12/13/2024 20:41:43 - INFO - moaa -   function_eval time=0.011618375778198242
12/13/2024 20:41:43 - INFO - moaa -   function_eval time=0.01169133186340332
12/13/2024 20:41:43 - INFO - moaa -   function_eval time=0.011588096618652344
12/13/2024 20:41:43 - INFO - moaa -   function_eval time=0.011682271957397461
12/13/2024 20:41:43 - INFO - moaa -   function_eval time=0.011674165725708008
12/13/2024 20:41:43 - INFO - moaa -   function_eval time=0.011665582656860352
12/13/2024 20:41:43 - INFO - moaa -   function_eval time=0.011651277542114258
12/13/2024 20:41:43 - INFO - moaa -   function_eval time=0.01157522201538086
12/13/2024 20:41:43 - INFO - moaa -   function_eval time=0.011662960052490234
12/13/2024 20:41:43 - INFO - moaa -   function_eval time=0.011711835861206055
12/13/2024 20:41:43 - INFO - moaa -   function_eval time=0.011821508407592773
12/13/2024 20:41:43 - INFO - moaa -   function_eval time=0.011675119400024414
12/13/2024 20:41:43 - INFO - moaa -   function_eval time=0.01157689094543457
12/13/2024 20:41:43 - INFO - moaa -   function_eval time=0.01163792610168457
12/13/2024 20:41:43 - INFO - moaa -   function_eval time=0.011743307113647461
12/13/2024 20:41:43 - INFO - moaa -   function_eval time=0.011893272399902344
12/13/2024 20:41:43 - INFO - moaa -   function_eval time=0.011749744415283203
12/13/2024 20:41:43 - INFO - moaa -   function_eval time=0.011651992797851562
12/13/2024 20:41:43 - INFO - moaa -   function_eval time=0.011654853820800781
12/13/2024 20:41:43 - INFO - moaa -   function_eval time=0.011674880981445312
12/13/2024 20:41:43 - INFO - moaa -   function_eval time=0.011756420135498047
12/13/2024 20:41:43 - INFO - moaa -   function_eval time=0.011643171310424805
12/13/2024 20:41:43 - INFO - moaa -   function_eval time=0.011659622192382812
12/13/2024 20:41:43 - INFO - moaa -   function_eval time=0.01168060302734375
12/13/2024 20:41:43 - INFO - moaa -   environmental_selection time=0.0030753612518310547
12/13/2024 20:41:43 - INFO - moaa -   =====iteration5=====
12/13/2024 20:41:43 - INFO - moaa -   crossover time=0.00022339820861816406
12/13/2024 20:41:45 - INFO - utils -   T5生成标识符时间:2.059540033340454
12/13/2024 20:41:48 - INFO - utils -   T5生成标识符时间:2.054720640182495
12/13/2024 20:41:50 - INFO - utils -   T5生成标识符时间:2.063697338104248
12/13/2024 20:41:53 - INFO - utils -   T5生成标识符时间:2.0518922805786133
12/13/2024 20:41:55 - INFO - utils -   T5生成标识符时间:2.0506796836853027
12/13/2024 20:41:57 - INFO - utils -   T5生成标识符时间:2.056159496307373
12/13/2024 20:42:00 - INFO - utils -   T5生成标识符时间:2.0576014518737793
12/13/2024 20:42:02 - INFO - utils -   T5生成标识符时间:2.051252603530884
12/13/2024 20:42:05 - INFO - utils -   T5生成标识符时间:2.059328079223633
12/13/2024 20:42:07 - INFO - utils -   T5生成标识符时间:2.05924916267395
12/13/2024 20:42:10 - INFO - utils -   T5生成标识符时间:2.056133270263672
12/13/2024 20:42:12 - INFO - utils -   T5生成标识符时间:2.0688929557800293
12/13/2024 20:42:15 - INFO - utils -   T5生成标识符时间:2.054610252380371
12/13/2024 20:42:17 - INFO - utils -   T5生成标识符时间:2.0613625049591064
12/13/2024 20:42:20 - INFO - utils -   T5生成标识符时间:2.0607128143310547
12/13/2024 20:42:22 - INFO - utils -   T5生成标识符时间:2.0577034950256348
12/13/2024 20:42:25 - INFO - utils -   T5生成标识符时间:2.059387683868408
12/13/2024 20:42:27 - INFO - utils -   T5生成标识符时间:2.0567758083343506
12/13/2024 20:42:30 - INFO - utils -   T5生成标识符时间:2.0581583976745605
12/13/2024 20:42:32 - INFO - utils -   T5生成标识符时间:2.071704864501953
12/13/2024 20:42:35 - INFO - utils -   T5生成标识符时间:2.0530221462249756
12/13/2024 20:42:37 - INFO - utils -   T5生成标识符时间:2.0649049282073975
12/13/2024 20:42:39 - INFO - utils -   T5生成标识符时间:2.061699390411377
12/13/2024 20:42:42 - INFO - utils -   T5生成标识符时间:2.058652877807617
12/13/2024 20:42:44 - INFO - utils -   T5生成标识符时间:2.057831287384033
12/13/2024 20:42:47 - INFO - utils -   T5生成标识符时间:2.0529167652130127
12/13/2024 20:42:49 - INFO - utils -   T5生成标识符时间:2.0616469383239746
12/13/2024 20:42:52 - INFO - utils -   T5生成标识符时间:2.0498642921447754
12/13/2024 20:42:54 - INFO - utils -   T5生成标识符时间:2.0530545711517334
12/13/2024 20:42:57 - INFO - utils -   T5生成标识符时间:2.0549020767211914
12/13/2024 20:42:57 - INFO - moaa -   mutation time=74.02655410766602
12/13/2024 20:42:57 - INFO - moaa -   function_eval time=0.012737035751342773
12/13/2024 20:42:57 - INFO - moaa -   function_eval time=0.011674880981445312
12/13/2024 20:42:57 - INFO - moaa -   function_eval time=0.011545181274414062
12/13/2024 20:42:57 - INFO - moaa -   function_eval time=0.011621236801147461
12/13/2024 20:42:57 - INFO - moaa -   function_eval time=0.011638641357421875
12/13/2024 20:42:57 - INFO - moaa -   function_eval time=0.011727094650268555
12/13/2024 20:42:57 - INFO - moaa -   function_eval time=0.011678218841552734
12/13/2024 20:42:57 - INFO - moaa -   function_eval time=0.011551141738891602
12/13/2024 20:42:57 - INFO - moaa -   function_eval time=0.011585474014282227
12/13/2024 20:42:57 - INFO - moaa -   function_eval time=0.011714935302734375
12/13/2024 20:42:57 - INFO - moaa -   function_eval time=0.011922359466552734
12/13/2024 20:42:57 - INFO - moaa -   function_eval time=0.01161813735961914
12/13/2024 20:42:57 - INFO - moaa -   function_eval time=0.011603355407714844
12/13/2024 20:42:57 - INFO - moaa -   function_eval time=0.011649847030639648
12/13/2024 20:42:57 - INFO - moaa -   function_eval time=0.011723995208740234
12/13/2024 20:42:57 - INFO - moaa -   function_eval time=0.01185464859008789
12/13/2024 20:42:57 - INFO - moaa -   function_eval time=0.011664152145385742
12/13/2024 20:42:57 - INFO - moaa -   function_eval time=0.011644601821899414
12/13/2024 20:42:57 - INFO - moaa -   function_eval time=0.011626005172729492
12/13/2024 20:42:57 - INFO - moaa -   function_eval time=0.01163625717163086
12/13/2024 20:42:57 - INFO - moaa -   function_eval time=0.011800527572631836
12/13/2024 20:42:57 - INFO - moaa -   function_eval time=0.011687755584716797
12/13/2024 20:42:57 - INFO - moaa -   function_eval time=0.011692285537719727
12/13/2024 20:42:57 - INFO - moaa -   function_eval time=0.011659383773803711
12/13/2024 20:42:57 - INFO - moaa -   function_eval time=0.011647224426269531
12/13/2024 20:42:57 - INFO - moaa -   function_eval time=0.011682271957397461
12/13/2024 20:42:57 - INFO - moaa -   function_eval time=0.011594057083129883
12/13/2024 20:42:57 - INFO - moaa -   function_eval time=0.01166534423828125
12/13/2024 20:42:57 - INFO - moaa -   function_eval time=0.011583328247070312
12/13/2024 20:42:58 - INFO - moaa -   function_eval time=0.01153707504272461
12/13/2024 20:42:58 - INFO - moaa -   environmental_selection time=0.0032241344451904297
12/13/2024 20:42:58 - INFO - moaa -   =====iteration6=====
12/13/2024 20:42:58 - INFO - moaa -   crossover time=0.0002238750457763672
12/13/2024 20:43:00 - INFO - utils -   T5生成标识符时间:2.057668447494507
12/13/2024 20:43:02 - INFO - utils -   T5生成标识符时间:2.050938606262207
12/13/2024 20:43:04 - INFO - utils -   T5生成标识符时间:2.049281120300293
12/13/2024 20:43:07 - INFO - utils -   T5生成标识符时间:2.04252290725708
12/13/2024 20:43:09 - INFO - utils -   T5生成标识符时间:2.036113977432251
12/13/2024 20:43:12 - INFO - utils -   T5生成标识符时间:2.039696216583252
12/13/2024 20:43:14 - INFO - utils -   T5生成标识符时间:2.04305100440979
12/13/2024 20:43:17 - INFO - utils -   T5生成标识符时间:2.036555767059326
12/13/2024 20:43:19 - INFO - utils -   T5生成标识符时间:2.0435409545898438
12/13/2024 20:43:22 - INFO - utils -   T5生成标识符时间:2.0438573360443115
12/13/2024 20:43:24 - INFO - utils -   T5生成标识符时间:2.04245924949646
12/13/2024 20:43:27 - INFO - utils -   T5生成标识符时间:2.039102792739868
12/13/2024 20:43:29 - INFO - utils -   T5生成标识符时间:2.046639919281006
12/13/2024 20:43:31 - INFO - utils -   T5生成标识符时间:2.0496249198913574
12/13/2024 20:43:34 - INFO - utils -   T5生成标识符时间:2.052138090133667
12/13/2024 20:43:36 - INFO - utils -   T5生成标识符时间:2.061890125274658
12/13/2024 20:43:39 - INFO - utils -   T5生成标识符时间:2.050802230834961
12/13/2024 20:43:41 - INFO - utils -   T5生成标识符时间:2.041853666305542
12/13/2024 20:43:44 - INFO - utils -   T5生成标识符时间:2.0546133518218994
12/13/2024 20:43:46 - INFO - utils -   T5生成标识符时间:2.0508553981781006
12/13/2024 20:43:49 - INFO - utils -   T5生成标识符时间:2.043073892593384
12/13/2024 20:43:51 - INFO - utils -   T5生成标识符时间:2.0503904819488525
12/13/2024 20:43:54 - INFO - utils -   T5生成标识符时间:2.0563182830810547
12/13/2024 20:43:56 - INFO - utils -   T5生成标识符时间:2.0542147159576416
12/13/2024 20:43:59 - INFO - utils -   T5生成标识符时间:2.048440933227539
12/13/2024 20:44:01 - INFO - utils -   T5生成标识符时间:2.063756227493286
12/13/2024 20:44:03 - INFO - utils -   T5生成标识符时间:2.056339979171753
12/13/2024 20:44:06 - INFO - utils -   T5生成标识符时间:2.0618391036987305
12/13/2024 20:44:08 - INFO - utils -   T5生成标识符时间:2.0588362216949463
12/13/2024 20:44:11 - INFO - utils -   T5生成标识符时间:2.0580992698669434
12/13/2024 20:44:11 - INFO - moaa -   mutation time=73.83658051490784
12/13/2024 20:44:11 - INFO - moaa -   function_eval time=0.012631416320800781
12/13/2024 20:44:11 - INFO - moaa -   function_eval time=0.011597633361816406
12/13/2024 20:44:11 - INFO - moaa -   function_eval time=0.011572599411010742
12/13/2024 20:44:11 - INFO - moaa -   function_eval time=0.011550426483154297
12/13/2024 20:44:11 - INFO - moaa -   function_eval time=0.011707544326782227
12/13/2024 20:44:11 - INFO - moaa -   function_eval time=0.011627435684204102
12/13/2024 20:44:11 - INFO - moaa -   function_eval time=0.011591434478759766
12/13/2024 20:44:11 - INFO - moaa -   function_eval time=0.01162862777709961
12/13/2024 20:44:11 - INFO - moaa -   function_eval time=0.011517763137817383
12/13/2024 20:44:11 - INFO - moaa -   function_eval time=0.011686086654663086
12/13/2024 20:44:11 - INFO - moaa -   function_eval time=0.011759757995605469
12/13/2024 20:44:11 - INFO - moaa -   function_eval time=0.01171112060546875
12/13/2024 20:44:11 - INFO - moaa -   function_eval time=0.011669635772705078
12/13/2024 20:44:12 - INFO - moaa -   function_eval time=0.011553764343261719
12/13/2024 20:44:12 - INFO - moaa -   function_eval time=0.01160740852355957
12/13/2024 20:44:12 - INFO - moaa -   function_eval time=0.011602401733398438
12/13/2024 20:44:12 - INFO - moaa -   function_eval time=0.011644363403320312
12/13/2024 20:44:12 - INFO - moaa -   function_eval time=0.011634588241577148
12/13/2024 20:44:12 - INFO - moaa -   function_eval time=0.011600017547607422
12/13/2024 20:44:12 - INFO - moaa -   function_eval time=0.011626720428466797
12/13/2024 20:44:12 - INFO - moaa -   function_eval time=0.01161336898803711
12/13/2024 20:44:12 - INFO - moaa -   function_eval time=0.011660337448120117
12/13/2024 20:44:12 - INFO - moaa -   function_eval time=0.011581659317016602
12/13/2024 20:44:12 - INFO - moaa -   function_eval time=0.01157069206237793
12/13/2024 20:44:12 - INFO - moaa -   function_eval time=0.011479377746582031
12/13/2024 20:44:12 - INFO - moaa -   function_eval time=0.011535167694091797
12/13/2024 20:44:12 - INFO - moaa -   function_eval time=0.011698246002197266
12/13/2024 20:44:12 - INFO - moaa -   function_eval time=0.011685609817504883
12/13/2024 20:44:12 - INFO - moaa -   function_eval time=0.01166987419128418
12/13/2024 20:44:12 - INFO - moaa -   function_eval time=0.011556863784790039
12/13/2024 20:44:12 - INFO - moaa -   environmental_selection time=0.003238677978515625
12/13/2024 20:44:12 - INFO - moaa -   =====iteration7=====
12/13/2024 20:44:12 - INFO - moaa -   crossover time=0.00022482872009277344
12/13/2024 20:44:14 - INFO - utils -   T5生成标识符时间:2.051786422729492
12/13/2024 20:44:16 - INFO - utils -   T5生成标识符时间:2.050354480743408
12/13/2024 20:44:19 - INFO - utils -   T5生成标识符时间:2.0448808670043945
12/13/2024 20:44:21 - INFO - utils -   T5生成标识符时间:2.0512266159057617
12/13/2024 20:44:24 - INFO - utils -   T5生成标识符时间:2.0496225357055664
12/13/2024 20:44:26 - INFO - utils -   T5生成标识符时间:2.053741216659546
12/13/2024 20:44:29 - INFO - utils -   T5生成标识符时间:2.055293083190918
12/13/2024 20:44:31 - INFO - utils -   T5生成标识符时间:2.0596985816955566
12/13/2024 20:44:33 - INFO - utils -   T5生成标识符时间:2.050518035888672
12/13/2024 20:44:36 - INFO - utils -   T5生成标识符时间:2.0542967319488525
12/13/2024 20:44:38 - INFO - utils -   T5生成标识符时间:2.052617311477661
12/13/2024 20:44:41 - INFO - utils -   T5生成标识符时间:2.054283618927002
12/13/2024 20:44:43 - INFO - utils -   T5生成标识符时间:2.0647311210632324
12/13/2024 20:44:46 - INFO - utils -   T5生成标识符时间:2.0429208278656006
12/13/2024 20:44:48 - INFO - utils -   T5生成标识符时间:2.0403127670288086
12/13/2024 20:44:51 - INFO - utils -   T5生成标识符时间:2.041644334793091
12/13/2024 20:44:53 - INFO - utils -   T5生成标识符时间:2.039334297180176
12/13/2024 20:44:56 - INFO - utils -   T5生成标识符时间:2.0379018783569336
12/13/2024 20:44:58 - INFO - utils -   T5生成标识符时间:2.031883716583252
